[2018-08-16T07:33:55,240][INFO ][logstash.modules.scaffold] Initializing module {:module_name=>"netflow", :directory=>"/home/ktsec/elk/logstash-6.2.4/modules/netflow/configuration"}
[2018-08-16T07:33:55,264][INFO ][logstash.modules.scaffold] Initializing module {:module_name=>"fb_apache", :directory=>"/home/ktsec/elk/logstash-6.2.4/modules/fb_apache/configuration"}
[2018-08-16T07:33:55,350][INFO ][logstash.setting.writabledirectory] Creating directory {:setting=>"path.queue", :path=>"/home/ktsec/elk/logstash-6.2.4/data/queue"}
[2018-08-16T07:33:55,357][INFO ][logstash.setting.writabledirectory] Creating directory {:setting=>"path.dead_letter_queue", :path=>"/home/ktsec/elk/logstash-6.2.4/data/dead_letter_queue"}
[2018-08-16T07:33:55,832][WARN ][logstash.config.source.multilocal] Ignoring the 'pipelines.yml' file because modules or command line options are specified
[2018-08-16T07:33:55,867][INFO ][logstash.agent           ] No persistent UUID file found. Generating new UUID {:uuid=>"e3a0904d-38a6-4076-b11e-c8dca4772373", :path=>"/home/ktsec/elk/logstash-6.2.4/data/uuid"}
[2018-08-16T07:33:56,431][INFO ][logstash.runner          ] Starting Logstash {"logstash.version"=>"6.2.4"}
[2018-08-16T07:33:56,788][INFO ][logstash.agent           ] Successfully started Logstash API endpoint {:port=>9600}
[2018-08-16T07:33:59,584][INFO ][logstash.pipeline        ] Starting pipeline {:pipeline_id=>"main", "pipeline.workers"=>4, "pipeline.batch.size"=>125, "pipeline.batch.delay"=>50}
[2018-08-16T07:33:59,779][INFO ][logstash.pipeline        ] Pipeline started successfully {:pipeline_id=>"main", :thread=>"#<Thread:0x7b7c4de7 run>"}
[2018-08-16T07:33:59,894][INFO ][logstash.agent           ] Pipelines running {:count=>1, :pipelines=>["main"]}
[2018-08-16T07:35:27,835][WARN ][logstash.runner          ] SIGINT received. Shutting down.
[2018-08-16T07:35:28,091][INFO ][logstash.pipeline        ] Pipeline has terminated {:pipeline_id=>"main", :thread=>"#<Thread:0x7b7c4de7 run>"}
[2018-08-16T08:02:20,461][INFO ][logstash.modules.scaffold] Initializing module {:module_name=>"netflow", :directory=>"/home/ktsec/elk/logstash-6.2.4/modules/netflow/configuration"}
[2018-08-16T08:02:20,481][INFO ][logstash.modules.scaffold] Initializing module {:module_name=>"fb_apache", :directory=>"/home/ktsec/elk/logstash-6.2.4/modules/fb_apache/configuration"}
[2018-08-16T08:02:20,994][WARN ][logstash.config.source.multilocal] Ignoring the 'pipelines.yml' file because modules or command line options are specified
[2018-08-16T08:02:21,684][INFO ][logstash.runner          ] Starting Logstash {"logstash.version"=>"6.2.4"}
[2018-08-16T08:02:22,203][INFO ][logstash.agent           ] Successfully started Logstash API endpoint {:port=>9600}
[2018-08-16T08:02:25,544][INFO ][logstash.pipeline        ] Starting pipeline {:pipeline_id=>"main", "pipeline.workers"=>4, "pipeline.batch.size"=>125, "pipeline.batch.delay"=>50}
[2018-08-16T08:02:25,885][INFO ][logstash.pipeline        ] Pipeline started successfully {:pipeline_id=>"main", :thread=>"#<Thread:0x5a004daf run>"}
[2018-08-16T08:02:26,006][INFO ][logstash.agent           ] Pipelines running {:count=>1, :pipelines=>["main"]}
[2018-08-16T08:02:30,221][WARN ][logstash.runner          ] SIGINT received. Shutting down.
[2018-08-16T08:02:30,429][FATAL][logstash.runner          ] SIGINT received. Terminating immediately..
[2018-08-16T08:02:30,504][ERROR][org.logstash.Logstash    ] org.jruby.exceptions.ThreadKill
[2018-08-16T08:05:35,614][INFO ][logstash.modules.scaffold] Initializing module {:module_name=>"netflow", :directory=>"/home/ktsec/elk/logstash-6.2.4/modules/netflow/configuration"}
[2018-08-16T08:05:35,632][INFO ][logstash.modules.scaffold] Initializing module {:module_name=>"fb_apache", :directory=>"/home/ktsec/elk/logstash-6.2.4/modules/fb_apache/configuration"}
[2018-08-16T08:05:36,066][WARN ][logstash.config.source.multilocal] Ignoring the 'pipelines.yml' file because modules or command line options are specified
[2018-08-16T08:05:36,690][INFO ][logstash.runner          ] Starting Logstash {"logstash.version"=>"6.2.4"}
[2018-08-16T08:05:37,107][INFO ][logstash.agent           ] Successfully started Logstash API endpoint {:port=>9600}
[2018-08-16T08:05:40,224][INFO ][logstash.pipeline        ] Starting pipeline {:pipeline_id=>"main", "pipeline.workers"=>4, "pipeline.batch.size"=>125, "pipeline.batch.delay"=>50}
[2018-08-16T08:05:40,525][INFO ][logstash.pipeline        ] Pipeline started successfully {:pipeline_id=>"main", :thread=>"#<Thread:0x7ca4c3ea run>"}
[2018-08-16T08:05:40,653][INFO ][logstash.agent           ] Pipelines running {:count=>1, :pipelines=>["main"]}
[2018-08-16T08:07:29,459][WARN ][logstash.runner          ] SIGINT received. Shutting down.
[2018-08-16T08:07:29,638][FATAL][logstash.runner          ] SIGINT received. Terminating immediately..
[2018-08-16T08:07:29,904][ERROR][org.logstash.Logstash    ] org.jruby.exceptions.ThreadKill
[2018-08-16T08:14:03,821][INFO ][logstash.modules.scaffold] Initializing module {:module_name=>"netflow", :directory=>"/home/ktsec/elk/logstash-6.2.4/modules/netflow/configuration"}
[2018-08-16T08:14:03,841][INFO ][logstash.modules.scaffold] Initializing module {:module_name=>"fb_apache", :directory=>"/home/ktsec/elk/logstash-6.2.4/modules/fb_apache/configuration"}
[2018-08-16T08:14:04,407][WARN ][logstash.config.source.multilocal] Ignoring the 'pipelines.yml' file because modules or command line options are specified
[2018-08-16T08:14:04,963][INFO ][logstash.runner          ] Starting Logstash {"logstash.version"=>"6.2.4"}
[2018-08-16T08:14:05,483][INFO ][logstash.agent           ] Successfully started Logstash API endpoint {:port=>9600}
[2018-08-16T08:14:08,026][INFO ][logstash.pipeline        ] Starting pipeline {:pipeline_id=>"main", "pipeline.workers"=>4, "pipeline.batch.size"=>125, "pipeline.batch.delay"=>50}
[2018-08-16T08:14:08,428][INFO ][logstash.pipeline        ] Pipeline started successfully {:pipeline_id=>"main", :thread=>"#<Thread:0x709c6481 run>"}
[2018-08-16T08:14:08,555][INFO ][logstash.agent           ] Pipelines running {:count=>1, :pipelines=>["main"]}
[2018-08-16T08:22:37,006][WARN ][logstash.runner          ] SIGINT received. Shutting down.
[2018-08-16T08:22:37,161][FATAL][logstash.runner          ] SIGINT received. Terminating immediately..
[2018-08-16T08:22:37,269][ERROR][org.logstash.Logstash    ] org.jruby.exceptions.ThreadKill
[2018-08-16T08:23:49,868][INFO ][logstash.modules.scaffold] Initializing module {:module_name=>"netflow", :directory=>"/home/ktsec/elk/logstash-6.2.4/modules/netflow/configuration"}
[2018-08-16T08:23:49,886][INFO ][logstash.modules.scaffold] Initializing module {:module_name=>"fb_apache", :directory=>"/home/ktsec/elk/logstash-6.2.4/modules/fb_apache/configuration"}
[2018-08-16T08:23:50,405][WARN ][logstash.config.source.multilocal] Ignoring the 'pipelines.yml' file because modules or command line options are specified
[2018-08-16T08:23:50,982][INFO ][logstash.runner          ] Starting Logstash {"logstash.version"=>"6.2.4"}
[2018-08-16T08:23:51,386][INFO ][logstash.agent           ] Successfully started Logstash API endpoint {:port=>9600}
[2018-08-16T08:23:54,055][INFO ][logstash.pipeline        ] Starting pipeline {:pipeline_id=>"main", "pipeline.workers"=>4, "pipeline.batch.size"=>125, "pipeline.batch.delay"=>50}
[2018-08-16T08:23:54,455][INFO ][logstash.pipeline        ] Pipeline started successfully {:pipeline_id=>"main", :thread=>"#<Thread:0x6b7ac845 run>"}
[2018-08-16T08:23:54,579][INFO ][logstash.agent           ] Pipelines running {:count=>1, :pipelines=>["main"]}
[2018-08-16T08:24:02,685][WARN ][logstash.runner          ] SIGINT received. Shutting down.
[2018-08-16T08:24:02,858][FATAL][logstash.runner          ] SIGINT received. Terminating immediately..
[2018-08-16T08:24:02,935][ERROR][org.logstash.Logstash    ] org.jruby.exceptions.ThreadKill
[2018-08-16T08:24:23,558][INFO ][logstash.modules.scaffold] Initializing module {:module_name=>"netflow", :directory=>"/home/ktsec/elk/logstash-6.2.4/modules/netflow/configuration"}
[2018-08-16T08:24:23,574][INFO ][logstash.modules.scaffold] Initializing module {:module_name=>"fb_apache", :directory=>"/home/ktsec/elk/logstash-6.2.4/modules/fb_apache/configuration"}
[2018-08-16T08:24:24,141][WARN ][logstash.config.source.multilocal] Ignoring the 'pipelines.yml' file because modules or command line options are specified
[2018-08-16T08:24:24,738][INFO ][logstash.runner          ] Starting Logstash {"logstash.version"=>"6.2.4"}
[2018-08-16T08:24:25,214][INFO ][logstash.agent           ] Successfully started Logstash API endpoint {:port=>9600}
[2018-08-16T08:24:28,217][INFO ][logstash.pipeline        ] Starting pipeline {:pipeline_id=>"main", "pipeline.workers"=>4, "pipeline.batch.size"=>125, "pipeline.batch.delay"=>50}
[2018-08-16T08:24:28,537][INFO ][logstash.pipeline        ] Pipeline started successfully {:pipeline_id=>"main", :thread=>"#<Thread:0x3ea88c3 run>"}
[2018-08-16T08:24:28,616][INFO ][logstash.agent           ] Pipelines running {:count=>1, :pipelines=>["main"]}
[2018-08-16T08:25:35,341][WARN ][logstash.runner          ] SIGINT received. Shutting down.
[2018-08-16T08:25:35,613][FATAL][logstash.runner          ] SIGINT received. Terminating immediately..
[2018-08-16T08:25:35,782][ERROR][org.logstash.Logstash    ] org.jruby.exceptions.ThreadKill
[2018-08-16T09:04:35,415][INFO ][logstash.modules.scaffold] Initializing module {:module_name=>"netflow", :directory=>"/home/ktsec/elk/logstash-6.2.4/modules/netflow/configuration"}
[2018-08-16T09:04:35,434][INFO ][logstash.modules.scaffold] Initializing module {:module_name=>"fb_apache", :directory=>"/home/ktsec/elk/logstash-6.2.4/modules/fb_apache/configuration"}
[2018-08-16T09:04:36,062][WARN ][logstash.config.source.multilocal] Ignoring the 'pipelines.yml' file because modules or command line options are specified
[2018-08-16T09:04:36,756][INFO ][logstash.runner          ] Starting Logstash {"logstash.version"=>"6.2.4"}
[2018-08-16T09:04:37,330][INFO ][logstash.agent           ] Successfully started Logstash API endpoint {:port=>9600}
[2018-08-16T09:04:40,423][INFO ][logstash.pipeline        ] Starting pipeline {:pipeline_id=>"main", "pipeline.workers"=>4, "pipeline.batch.size"=>125, "pipeline.batch.delay"=>50}
[2018-08-16T09:04:40,664][INFO ][logstash.pipeline        ] Pipeline started successfully {:pipeline_id=>"main", :thread=>"#<Thread:0x4f3e4279 run>"}
[2018-08-16T09:04:40,742][INFO ][logstash.agent           ] Pipelines running {:count=>1, :pipelines=>["main"]}
[2018-08-16T09:04:42,202][INFO ][logstash.inputs.jdbc     ] (0.002189s) SELECT * FROM 2018_0814_url_collection limit 10
[2018-08-16T09:04:43,031][INFO ][logstash.pipeline        ] Pipeline has terminated {:pipeline_id=>"main", :thread=>"#<Thread:0x4f3e4279 run>"}
[2018-08-16T09:10:53,214][INFO ][logstash.modules.scaffold] Initializing module {:module_name=>"netflow", :directory=>"/home/ktsec/elk/logstash-6.2.4/modules/netflow/configuration"}
[2018-08-16T09:10:53,231][INFO ][logstash.modules.scaffold] Initializing module {:module_name=>"fb_apache", :directory=>"/home/ktsec/elk/logstash-6.2.4/modules/fb_apache/configuration"}
[2018-08-16T09:10:53,834][WARN ][logstash.config.source.multilocal] Ignoring the 'pipelines.yml' file because modules or command line options are specified
[2018-08-16T09:10:54,443][INFO ][logstash.runner          ] Starting Logstash {"logstash.version"=>"6.2.4"}
[2018-08-16T09:10:54,834][INFO ][logstash.agent           ] Successfully started Logstash API endpoint {:port=>9600}
[2018-08-16T09:10:58,485][INFO ][logstash.pipeline        ] Starting pipeline {:pipeline_id=>"main", "pipeline.workers"=>4, "pipeline.batch.size"=>125, "pipeline.batch.delay"=>50}
[2018-08-16T09:10:58,822][INFO ][logstash.pipeline        ] Pipeline started successfully {:pipeline_id=>"main", :thread=>"#<Thread:0x611c060c sleep>"}
[2018-08-16T09:10:58,924][INFO ][logstash.agent           ] Pipelines running {:count=>1, :pipelines=>["main"]}
[2018-08-16T09:11:00,279][INFO ][logstash.inputs.jdbc     ] (0.002002s) SELECT * FROM 2018_0814_url_collection limit 10
[2018-08-16T09:11:00,976][INFO ][logstash.pipeline        ] Pipeline has terminated {:pipeline_id=>"main", :thread=>"#<Thread:0x611c060c run>"}
[2018-08-16T09:12:09,628][INFO ][logstash.modules.scaffold] Initializing module {:module_name=>"netflow", :directory=>"/home/ktsec/elk/logstash-6.2.4/modules/netflow/configuration"}
[2018-08-16T09:12:09,646][INFO ][logstash.modules.scaffold] Initializing module {:module_name=>"fb_apache", :directory=>"/home/ktsec/elk/logstash-6.2.4/modules/fb_apache/configuration"}
[2018-08-16T09:12:10,397][WARN ][logstash.config.source.multilocal] Ignoring the 'pipelines.yml' file because modules or command line options are specified
[2018-08-16T09:12:11,055][INFO ][logstash.runner          ] Starting Logstash {"logstash.version"=>"6.2.4"}
[2018-08-16T09:12:11,653][INFO ][logstash.agent           ] Successfully started Logstash API endpoint {:port=>9600}
[2018-08-16T09:12:14,690][INFO ][logstash.pipeline        ] Starting pipeline {:pipeline_id=>"main", "pipeline.workers"=>4, "pipeline.batch.size"=>125, "pipeline.batch.delay"=>50}
[2018-08-16T09:12:15,006][INFO ][logstash.pipeline        ] Pipeline started successfully {:pipeline_id=>"main", :thread=>"#<Thread:0x61d0a644 run>"}
[2018-08-16T09:12:15,101][INFO ][logstash.agent           ] Pipelines running {:count=>1, :pipelines=>["main"]}
[2018-08-16T09:12:16,560][INFO ][logstash.inputs.jdbc     ] (0.001994s) SELECT * FROM 2018_0814_url_collection order by idx limit 10
[2018-08-16T09:12:17,423][INFO ][logstash.pipeline        ] Pipeline has terminated {:pipeline_id=>"main", :thread=>"#<Thread:0x61d0a644 run>"}
[2018-08-16T09:14:06,782][INFO ][logstash.modules.scaffold] Initializing module {:module_name=>"netflow", :directory=>"/home/ktsec/elk/logstash-6.2.4/modules/netflow/configuration"}
[2018-08-16T09:14:06,799][INFO ][logstash.modules.scaffold] Initializing module {:module_name=>"fb_apache", :directory=>"/home/ktsec/elk/logstash-6.2.4/modules/fb_apache/configuration"}
[2018-08-16T09:14:07,234][WARN ][logstash.config.source.multilocal] Ignoring the 'pipelines.yml' file because modules or command line options are specified
[2018-08-16T09:14:07,802][INFO ][logstash.runner          ] Starting Logstash {"logstash.version"=>"6.2.4"}
[2018-08-16T09:14:08,202][INFO ][logstash.agent           ] Successfully started Logstash API endpoint {:port=>9600}
[2018-08-16T09:14:12,088][INFO ][logstash.pipeline        ] Starting pipeline {:pipeline_id=>"main", "pipeline.workers"=>4, "pipeline.batch.size"=>125, "pipeline.batch.delay"=>50}
[2018-08-16T09:14:12,399][INFO ][logstash.pipeline        ] Pipeline started successfully {:pipeline_id=>"main", :thread=>"#<Thread:0x1b4dbc5b run>"}
[2018-08-16T09:14:12,487][INFO ][logstash.agent           ] Pipelines running {:count=>1, :pipelines=>["main"]}
[2018-08-16T09:14:13,843][INFO ][logstash.inputs.jdbc     ] (0.002162s) SELECT * FROM 2018_0814_url_collection ORDER BY idx ASC limit 10
[2018-08-16T09:14:14,611][INFO ][logstash.pipeline        ] Pipeline has terminated {:pipeline_id=>"main", :thread=>"#<Thread:0x1b4dbc5b run>"}
[2018-08-16T09:18:39,458][INFO ][logstash.modules.scaffold] Initializing module {:module_name=>"netflow", :directory=>"/home/ktsec/elk/logstash-6.2.4/modules/netflow/configuration"}
[2018-08-16T09:18:39,476][INFO ][logstash.modules.scaffold] Initializing module {:module_name=>"fb_apache", :directory=>"/home/ktsec/elk/logstash-6.2.4/modules/fb_apache/configuration"}
[2018-08-16T09:18:40,077][WARN ][logstash.config.source.multilocal] Ignoring the 'pipelines.yml' file because modules or command line options are specified
[2018-08-16T09:18:40,687][INFO ][logstash.runner          ] Starting Logstash {"logstash.version"=>"6.2.4"}
[2018-08-16T09:18:41,146][INFO ][logstash.agent           ] Successfully started Logstash API endpoint {:port=>9600}
[2018-08-16T09:18:44,715][INFO ][logstash.pipeline        ] Starting pipeline {:pipeline_id=>"main", "pipeline.workers"=>4, "pipeline.batch.size"=>125, "pipeline.batch.delay"=>50}
[2018-08-16T09:18:45,080][INFO ][logstash.pipeline        ] Pipeline started successfully {:pipeline_id=>"main", :thread=>"#<Thread:0x7576ef08 run>"}
[2018-08-16T09:18:45,188][INFO ][logstash.agent           ] Pipelines running {:count=>1, :pipelines=>["main"]}
[2018-08-16T09:18:46,567][INFO ][logstash.inputs.jdbc     ] (0.026461s) SELECT * FROM 2018_0814_url_collection WHERE idx<5 ORDER BY idx ASC limit 10
[2018-08-16T09:18:47,333][INFO ][logstash.pipeline        ] Pipeline has terminated {:pipeline_id=>"main", :thread=>"#<Thread:0x7576ef08 run>"}
[2018-08-16T09:19:56,879][INFO ][logstash.modules.scaffold] Initializing module {:module_name=>"netflow", :directory=>"/home/ktsec/elk/logstash-6.2.4/modules/netflow/configuration"}
[2018-08-16T09:19:56,897][INFO ][logstash.modules.scaffold] Initializing module {:module_name=>"fb_apache", :directory=>"/home/ktsec/elk/logstash-6.2.4/modules/fb_apache/configuration"}
[2018-08-16T09:19:57,492][WARN ][logstash.config.source.multilocal] Ignoring the 'pipelines.yml' file because modules or command line options are specified
[2018-08-16T09:19:58,079][INFO ][logstash.runner          ] Starting Logstash {"logstash.version"=>"6.2.4"}
[2018-08-16T09:19:58,508][INFO ][logstash.agent           ] Successfully started Logstash API endpoint {:port=>9600}
[2018-08-16T09:20:02,304][INFO ][logstash.pipeline        ] Starting pipeline {:pipeline_id=>"main", "pipeline.workers"=>4, "pipeline.batch.size"=>125, "pipeline.batch.delay"=>50}
[2018-08-16T09:20:02,580][INFO ][logstash.pipeline        ] Pipeline started successfully {:pipeline_id=>"main", :thread=>"#<Thread:0x6f6f049c sleep>"}
[2018-08-16T09:20:02,676][INFO ][logstash.agent           ] Pipelines running {:count=>1, :pipelines=>["main"]}
[2018-08-16T09:20:03,964][INFO ][logstash.inputs.jdbc     ] (0.001939s) SELECT * FROM 2018_0814_url_collection WHERE idx<5 ORDER BY idx ASC limit 10
[2018-08-16T09:20:04,708][INFO ][logstash.pipeline        ] Pipeline has terminated {:pipeline_id=>"main", :thread=>"#<Thread:0x6f6f049c run>"}
[2018-08-16T09:22:29,952][INFO ][logstash.modules.scaffold] Initializing module {:module_name=>"netflow", :directory=>"/home/ktsec/elk/logstash-6.2.4/modules/netflow/configuration"}
[2018-08-16T09:22:29,969][INFO ][logstash.modules.scaffold] Initializing module {:module_name=>"fb_apache", :directory=>"/home/ktsec/elk/logstash-6.2.4/modules/fb_apache/configuration"}
[2018-08-16T09:22:30,538][WARN ][logstash.config.source.multilocal] Ignoring the 'pipelines.yml' file because modules or command line options are specified
[2018-08-16T09:22:31,152][INFO ][logstash.runner          ] Starting Logstash {"logstash.version"=>"6.2.4"}
[2018-08-16T09:22:31,612][INFO ][logstash.agent           ] Successfully started Logstash API endpoint {:port=>9600}
[2018-08-16T09:22:35,289][INFO ][logstash.pipeline        ] Starting pipeline {:pipeline_id=>"main", "pipeline.workers"=>4, "pipeline.batch.size"=>125, "pipeline.batch.delay"=>50}
[2018-08-16T09:22:35,745][INFO ][logstash.pipeline        ] Pipeline started successfully {:pipeline_id=>"main", :thread=>"#<Thread:0x328e7046 run>"}
[2018-08-16T09:22:35,899][INFO ][logstash.agent           ] Pipelines running {:count=>1, :pipelines=>["main"]}
[2018-08-16T09:22:37,332][INFO ][logstash.inputs.jdbc     ] (0.002450s) SELECT * 
       FROM 2018_0814_url_collection 
       WHERE idx<4 
       ORDER BY idx ASC 
       limit 10
[2018-08-16T09:22:38,156][INFO ][logstash.pipeline        ] Pipeline has terminated {:pipeline_id=>"main", :thread=>"#<Thread:0x328e7046 run>"}
[2018-08-16T09:23:11,787][INFO ][logstash.modules.scaffold] Initializing module {:module_name=>"netflow", :directory=>"/home/ktsec/elk/logstash-6.2.4/modules/netflow/configuration"}
[2018-08-16T09:23:11,804][INFO ][logstash.modules.scaffold] Initializing module {:module_name=>"fb_apache", :directory=>"/home/ktsec/elk/logstash-6.2.4/modules/fb_apache/configuration"}
[2018-08-16T09:23:12,393][WARN ][logstash.config.source.multilocal] Ignoring the 'pipelines.yml' file because modules or command line options are specified
[2018-08-16T09:23:13,000][INFO ][logstash.runner          ] Starting Logstash {"logstash.version"=>"6.2.4"}
[2018-08-16T09:23:13,346][INFO ][logstash.agent           ] Successfully started Logstash API endpoint {:port=>9600}
[2018-08-16T09:23:17,005][INFO ][logstash.pipeline        ] Starting pipeline {:pipeline_id=>"main", "pipeline.workers"=>4, "pipeline.batch.size"=>125, "pipeline.batch.delay"=>50}
[2018-08-16T09:23:17,393][INFO ][logstash.pipeline        ] Pipeline started successfully {:pipeline_id=>"main", :thread=>"#<Thread:0x34d80ea4 sleep>"}
[2018-08-16T09:23:17,500][INFO ][logstash.agent           ] Pipelines running {:count=>1, :pipelines=>["main"]}
[2018-08-16T09:23:18,902][INFO ][logstash.inputs.jdbc     ] (0.001976s) SELECT * 
       FROM 2018_0814_url_collection 
       WHERE idx<3 
       ORDER BY idx ASC 
       limit 10
[2018-08-16T09:23:19,590][INFO ][logstash.pipeline        ] Pipeline has terminated {:pipeline_id=>"main", :thread=>"#<Thread:0x34d80ea4 run>"}
[2018-08-16T09:30:40,807][INFO ][logstash.modules.scaffold] Initializing module {:module_name=>"netflow", :directory=>"/home/ktsec/elk/logstash-6.2.4/modules/netflow/configuration"}
[2018-08-16T09:30:40,827][INFO ][logstash.modules.scaffold] Initializing module {:module_name=>"fb_apache", :directory=>"/home/ktsec/elk/logstash-6.2.4/modules/fb_apache/configuration"}
[2018-08-16T09:30:41,519][WARN ][logstash.config.source.multilocal] Ignoring the 'pipelines.yml' file because modules or command line options are specified
[2018-08-16T09:30:42,211][INFO ][logstash.runner          ] Starting Logstash {"logstash.version"=>"6.2.4"}
[2018-08-16T09:30:42,666][INFO ][logstash.agent           ] Successfully started Logstash API endpoint {:port=>9600}
[2018-08-16T09:30:46,627][INFO ][logstash.pipeline        ] Starting pipeline {:pipeline_id=>"main", "pipeline.workers"=>4, "pipeline.batch.size"=>1, "pipeline.batch.delay"=>50}
[2018-08-16T09:30:46,944][INFO ][logstash.pipeline        ] Pipeline started successfully {:pipeline_id=>"main", :thread=>"#<Thread:0x3a18e154 run>"}
[2018-08-16T09:30:47,127][INFO ][logstash.agent           ] Pipelines running {:count=>1, :pipelines=>["main"]}
[2018-08-16T09:30:48,454][INFO ][logstash.inputs.jdbc     ] (0.001995s) SELECT * FROM 2018_0814_url_collection limit 10
[2018-08-16T09:30:49,163][INFO ][logstash.pipeline        ] Pipeline has terminated {:pipeline_id=>"main", :thread=>"#<Thread:0x3a18e154 run>"}
[2018-08-16T09:33:42,749][INFO ][logstash.modules.scaffold] Initializing module {:module_name=>"netflow", :directory=>"/home/ktsec/elk/logstash-6.2.4/modules/netflow/configuration"}
[2018-08-16T09:33:42,765][INFO ][logstash.modules.scaffold] Initializing module {:module_name=>"fb_apache", :directory=>"/home/ktsec/elk/logstash-6.2.4/modules/fb_apache/configuration"}
[2018-08-16T09:33:43,334][WARN ][logstash.config.source.multilocal] Ignoring the 'pipelines.yml' file because modules or command line options are specified
[2018-08-16T09:33:43,926][INFO ][logstash.runner          ] Starting Logstash {"logstash.version"=>"6.2.4"}
[2018-08-16T09:33:44,300][INFO ][logstash.agent           ] Successfully started Logstash API endpoint {:port=>9600}
[2018-08-16T09:33:48,139][INFO ][logstash.pipeline        ] Starting pipeline {:pipeline_id=>"main", "pipeline.workers"=>4, "pipeline.batch.size"=>1, "pipeline.batch.delay"=>50}
[2018-08-16T09:33:48,370][INFO ][logstash.pipeline        ] Pipeline started successfully {:pipeline_id=>"main", :thread=>"#<Thread:0x41bae19 run>"}
[2018-08-16T09:33:48,464][INFO ][logstash.agent           ] Pipelines running {:count=>1, :pipelines=>["main"]}
[2018-08-16T09:33:49,853][INFO ][logstash.inputs.jdbc     ] (0.001973s) 
      SELECT * 
      FROM 2018_0814_url_collection 
      WHERE idx <  2 
      ORDER BY idx
      LIMIT 10
[2018-08-16T09:33:49,894][WARN ][logstash.inputs.jdbc     ] tracking_column not found in dataset. {:tracking_column=>"id"}
[2018-08-16T09:33:50,499][INFO ][logstash.pipeline        ] Pipeline has terminated {:pipeline_id=>"main", :thread=>"#<Thread:0x41bae19 run>"}
[2018-08-16T09:36:43,175][INFO ][logstash.modules.scaffold] Initializing module {:module_name=>"netflow", :directory=>"/home/ktsec/elk/logstash-6.2.4/modules/netflow/configuration"}
[2018-08-16T09:36:43,190][INFO ][logstash.modules.scaffold] Initializing module {:module_name=>"fb_apache", :directory=>"/home/ktsec/elk/logstash-6.2.4/modules/fb_apache/configuration"}
[2018-08-16T09:36:43,735][WARN ][logstash.config.source.multilocal] Ignoring the 'pipelines.yml' file because modules or command line options are specified
[2018-08-16T09:36:44,271][INFO ][logstash.runner          ] Starting Logstash {"logstash.version"=>"6.2.4"}
[2018-08-16T09:36:44,616][INFO ][logstash.agent           ] Successfully started Logstash API endpoint {:port=>9600}
[2018-08-16T09:36:48,200][INFO ][logstash.pipeline        ] Starting pipeline {:pipeline_id=>"main", "pipeline.workers"=>4, "pipeline.batch.size"=>1, "pipeline.batch.delay"=>50}
[2018-08-16T09:36:48,574][INFO ][logstash.pipeline        ] Pipeline started successfully {:pipeline_id=>"main", :thread=>"#<Thread:0x65df085b run>"}
[2018-08-16T09:36:48,692][INFO ][logstash.agent           ] Pipelines running {:count=>1, :pipelines=>["main"]}
[2018-08-16T09:36:50,029][INFO ][logstash.inputs.jdbc     ] (0.001936s) 
      SELECT * 
      FROM 2018_0814_url_collection 
      WHERE idx < 5  
      ORDER BY idx
      LIMIT 10
[2018-08-16T09:36:50,068][WARN ][logstash.inputs.jdbc     ] tracking_column not found in dataset. {:tracking_column=>"id"}
[2018-08-16T09:36:50,734][INFO ][logstash.pipeline        ] Pipeline has terminated {:pipeline_id=>"main", :thread=>"#<Thread:0x65df085b run>"}
[2018-08-16T09:38:07,699][INFO ][logstash.modules.scaffold] Initializing module {:module_name=>"netflow", :directory=>"/home/ktsec/elk/logstash-6.2.4/modules/netflow/configuration"}
[2018-08-16T09:38:07,715][INFO ][logstash.modules.scaffold] Initializing module {:module_name=>"fb_apache", :directory=>"/home/ktsec/elk/logstash-6.2.4/modules/fb_apache/configuration"}
[2018-08-16T09:38:08,124][WARN ][logstash.config.source.multilocal] Ignoring the 'pipelines.yml' file because modules or command line options are specified
[2018-08-16T09:38:08,733][INFO ][logstash.runner          ] Starting Logstash {"logstash.version"=>"6.2.4"}
[2018-08-16T09:38:09,096][INFO ][logstash.agent           ] Successfully started Logstash API endpoint {:port=>9600}
[2018-08-16T09:38:12,759][INFO ][logstash.pipeline        ] Starting pipeline {:pipeline_id=>"main", "pipeline.workers"=>4, "pipeline.batch.size"=>1, "pipeline.batch.delay"=>50}
[2018-08-16T09:38:13,038][INFO ][logstash.pipeline        ] Pipeline started successfully {:pipeline_id=>"main", :thread=>"#<Thread:0x1b852b0 run>"}
[2018-08-16T09:38:13,161][INFO ][logstash.agent           ] Pipelines running {:count=>1, :pipelines=>["main"]}
[2018-08-16T09:38:14,619][INFO ][logstash.inputs.jdbc     ] (0.001966s) 
      SELECT * 
      FROM 2018_0814_url_collection 
      WHERE idx < 5  
      ORDER BY idx
      LIMIT 10
[2018-08-16T09:38:14,656][WARN ][logstash.inputs.jdbc     ] tracking_column not found in dataset. {:tracking_column=>"id"}
[2018-08-16T09:38:15,337][INFO ][logstash.pipeline        ] Pipeline has terminated {:pipeline_id=>"main", :thread=>"#<Thread:0x1b852b0 run>"}
[2018-08-16T09:39:00,859][INFO ][logstash.modules.scaffold] Initializing module {:module_name=>"netflow", :directory=>"/home/ktsec/elk/logstash-6.2.4/modules/netflow/configuration"}
[2018-08-16T09:39:00,876][INFO ][logstash.modules.scaffold] Initializing module {:module_name=>"fb_apache", :directory=>"/home/ktsec/elk/logstash-6.2.4/modules/fb_apache/configuration"}
[2018-08-16T09:39:01,438][WARN ][logstash.config.source.multilocal] Ignoring the 'pipelines.yml' file because modules or command line options are specified
[2018-08-16T09:39:02,004][INFO ][logstash.runner          ] Starting Logstash {"logstash.version"=>"6.2.4"}
[2018-08-16T09:39:02,405][INFO ][logstash.agent           ] Successfully started Logstash API endpoint {:port=>9600}
[2018-08-16T09:39:05,805][INFO ][logstash.pipeline        ] Starting pipeline {:pipeline_id=>"main", "pipeline.workers"=>4, "pipeline.batch.size"=>1, "pipeline.batch.delay"=>50}
[2018-08-16T09:39:06,199][INFO ][logstash.pipeline        ] Pipeline started successfully {:pipeline_id=>"main", :thread=>"#<Thread:0x3b3bfb49 sleep>"}
[2018-08-16T09:39:06,291][INFO ][logstash.agent           ] Pipelines running {:count=>1, :pipelines=>["main"]}
[2018-08-16T09:39:07,671][ERROR][logstash.inputs.jdbc     ] Java::ComMysqlJdbcExceptionsJdbc4::MySQLSyntaxErrorException: You have an error in your SQL syntax; check the manual that corresponds to your MySQL server version for the right syntax to use near 'ACS
      LIMIT 10' at line 4: 
      SELECT * 
      FROM 2018_0814_url_collection 
      WHERE idx < 5  
      ORDER BY idx ACS
      LIMIT 10
[2018-08-16T09:39:07,697][WARN ][logstash.inputs.jdbc     ] Exception when executing JDBC query {:exception=>#<Sequel::DatabaseError: Java::ComMysqlJdbcExceptionsJdbc4::MySQLSyntaxErrorException: You have an error in your SQL syntax; check the manual that corresponds to your MySQL server version for the right syntax to use near 'ACS
      LIMIT 10' at line 4>}
[2018-08-16T09:39:07,901][INFO ][logstash.pipeline        ] Pipeline has terminated {:pipeline_id=>"main", :thread=>"#<Thread:0x3b3bfb49 run>"}
[2018-08-16T09:40:02,241][INFO ][logstash.modules.scaffold] Initializing module {:module_name=>"netflow", :directory=>"/home/ktsec/elk/logstash-6.2.4/modules/netflow/configuration"}
[2018-08-16T09:40:02,262][INFO ][logstash.modules.scaffold] Initializing module {:module_name=>"fb_apache", :directory=>"/home/ktsec/elk/logstash-6.2.4/modules/fb_apache/configuration"}
[2018-08-16T09:40:02,756][WARN ][logstash.config.source.multilocal] Ignoring the 'pipelines.yml' file because modules or command line options are specified
[2018-08-16T09:40:03,379][INFO ][logstash.runner          ] Starting Logstash {"logstash.version"=>"6.2.4"}
[2018-08-16T09:40:03,825][INFO ][logstash.agent           ] Successfully started Logstash API endpoint {:port=>9600}
[2018-08-16T09:40:07,347][INFO ][logstash.pipeline        ] Starting pipeline {:pipeline_id=>"main", "pipeline.workers"=>4, "pipeline.batch.size"=>1, "pipeline.batch.delay"=>50}
[2018-08-16T09:40:07,591][INFO ][logstash.pipeline        ] Pipeline started successfully {:pipeline_id=>"main", :thread=>"#<Thread:0x2e1dd5ec run>"}
[2018-08-16T09:40:07,663][INFO ][logstash.agent           ] Pipelines running {:count=>1, :pipelines=>["main"]}
[2018-08-16T09:40:09,199][INFO ][logstash.inputs.jdbc     ] (0.001961s) 
      SELECT * 
      FROM 2018_0814_url_collection 
      WHERE idx < 5  
      ORDER BY idx ASC
      LIMIT 10
[2018-08-16T09:40:09,240][WARN ][logstash.inputs.jdbc     ] tracking_column not found in dataset. {:tracking_column=>"id"}
[2018-08-16T09:40:09,872][INFO ][logstash.pipeline        ] Pipeline has terminated {:pipeline_id=>"main", :thread=>"#<Thread:0x2e1dd5ec run>"}
[2018-08-16T09:44:23,877][INFO ][logstash.modules.scaffold] Initializing module {:module_name=>"netflow", :directory=>"/home/ktsec/elk/logstash-6.2.4/modules/netflow/configuration"}
[2018-08-16T09:44:23,896][INFO ][logstash.modules.scaffold] Initializing module {:module_name=>"fb_apache", :directory=>"/home/ktsec/elk/logstash-6.2.4/modules/fb_apache/configuration"}
[2018-08-16T09:44:24,367][WARN ][logstash.config.source.multilocal] Ignoring the 'pipelines.yml' file because modules or command line options are specified
[2018-08-16T09:44:24,942][INFO ][logstash.runner          ] Starting Logstash {"logstash.version"=>"6.2.4"}
[2018-08-16T09:44:25,296][INFO ][logstash.agent           ] Successfully started Logstash API endpoint {:port=>9600}
[2018-08-16T09:44:29,202][INFO ][logstash.pipeline        ] Starting pipeline {:pipeline_id=>"main", "pipeline.workers"=>1, "pipeline.batch.size"=>125, "pipeline.batch.delay"=>50}
[2018-08-16T09:44:29,458][INFO ][logstash.pipeline        ] Pipeline started successfully {:pipeline_id=>"main", :thread=>"#<Thread:0xccd690b run>"}
[2018-08-16T09:44:29,554][INFO ][logstash.agent           ] Pipelines running {:count=>1, :pipelines=>["main"]}
[2018-08-16T09:44:30,830][INFO ][logstash.inputs.jdbc     ] (0.001722s) 
      SELECT * 
      FROM 2018_0814_url_collection 
      WHERE idx < 5  
      ORDER BY idx ASC
      LIMIT 10
[2018-08-16T09:44:30,883][WARN ][logstash.inputs.jdbc     ] tracking_column not found in dataset. {:tracking_column=>"id"}
[2018-08-16T09:44:31,614][INFO ][logstash.pipeline        ] Pipeline has terminated {:pipeline_id=>"main", :thread=>"#<Thread:0xccd690b run>"}
[2018-08-16T09:45:03,238][INFO ][logstash.modules.scaffold] Initializing module {:module_name=>"netflow", :directory=>"/home/ktsec/elk/logstash-6.2.4/modules/netflow/configuration"}
[2018-08-16T09:45:03,394][INFO ][logstash.modules.scaffold] Initializing module {:module_name=>"fb_apache", :directory=>"/home/ktsec/elk/logstash-6.2.4/modules/fb_apache/configuration"}
[2018-08-16T09:45:03,875][WARN ][logstash.config.source.multilocal] Ignoring the 'pipelines.yml' file because modules or command line options are specified
[2018-08-16T09:45:04,475][INFO ][logstash.runner          ] Starting Logstash {"logstash.version"=>"6.2.4"}
[2018-08-16T09:45:04,927][INFO ][logstash.agent           ] Successfully started Logstash API endpoint {:port=>9600}
[2018-08-16T09:45:09,090][INFO ][logstash.pipeline        ] Starting pipeline {:pipeline_id=>"main", "pipeline.workers"=>1, "pipeline.batch.size"=>125, "pipeline.batch.delay"=>50}
[2018-08-16T09:45:09,412][INFO ][logstash.pipeline        ] Pipeline started successfully {:pipeline_id=>"main", :thread=>"#<Thread:0x5233ec46 run>"}
[2018-08-16T09:45:09,664][INFO ][logstash.agent           ] Pipelines running {:count=>1, :pipelines=>["main"]}
[2018-08-16T09:45:10,905][INFO ][logstash.inputs.jdbc     ] (0.002313s) 
      SELECT * 
      FROM 2018_0814_url_collection 
      WHERE idx < 5  
      ORDER BY idx ASC
      LIMIT 10
[2018-08-16T09:45:10,946][WARN ][logstash.inputs.jdbc     ] tracking_column not found in dataset. {:tracking_column=>"id"}
[2018-08-16T09:45:11,698][INFO ][logstash.pipeline        ] Pipeline has terminated {:pipeline_id=>"main", :thread=>"#<Thread:0x5233ec46 run>"}
[2018-08-16T09:47:03,830][INFO ][logstash.modules.scaffold] Initializing module {:module_name=>"netflow", :directory=>"/home/ktsec/elk/logstash-6.2.4/modules/netflow/configuration"}
[2018-08-16T09:47:03,847][INFO ][logstash.modules.scaffold] Initializing module {:module_name=>"fb_apache", :directory=>"/home/ktsec/elk/logstash-6.2.4/modules/fb_apache/configuration"}
[2018-08-16T09:47:04,409][WARN ][logstash.config.source.multilocal] Ignoring the 'pipelines.yml' file because modules or command line options are specified
[2018-08-16T09:47:04,992][INFO ][logstash.runner          ] Starting Logstash {"logstash.version"=>"6.2.4"}
[2018-08-16T09:47:05,441][INFO ][logstash.agent           ] Successfully started Logstash API endpoint {:port=>9600}
[2018-08-16T09:47:09,173][INFO ][logstash.pipeline        ] Starting pipeline {:pipeline_id=>"main", "pipeline.workers"=>4, "pipeline.batch.size"=>125, "pipeline.batch.delay"=>50}
[2018-08-16T09:47:09,560][INFO ][logstash.pipeline        ] Pipeline started successfully {:pipeline_id=>"main", :thread=>"#<Thread:0x518bf029 run>"}
[2018-08-16T09:47:09,647][INFO ][logstash.agent           ] Pipelines running {:count=>1, :pipelines=>["main"]}
[2018-08-16T09:47:10,996][INFO ][logstash.inputs.jdbc     ] (0.002054s) 
      SELECT * 
      FROM 2018_0814_url_collection 
      WHERE idx < 5  
      ORDER BY idx ASC
      LIMIT 10
[2018-08-16T09:47:11,714][INFO ][logstash.pipeline        ] Pipeline has terminated {:pipeline_id=>"main", :thread=>"#<Thread:0x518bf029 run>"}
[2018-08-16T09:50:07,935][INFO ][logstash.modules.scaffold] Initializing module {:module_name=>"netflow", :directory=>"/home/ktsec/elk/logstash-6.2.4/modules/netflow/configuration"}
[2018-08-16T09:50:07,951][INFO ][logstash.modules.scaffold] Initializing module {:module_name=>"fb_apache", :directory=>"/home/ktsec/elk/logstash-6.2.4/modules/fb_apache/configuration"}
[2018-08-16T09:50:08,552][WARN ][logstash.config.source.multilocal] Ignoring the 'pipelines.yml' file because modules or command line options are specified
[2018-08-16T09:50:09,237][INFO ][logstash.runner          ] Starting Logstash {"logstash.version"=>"6.2.4"}
[2018-08-16T09:50:09,848][INFO ][logstash.agent           ] Successfully started Logstash API endpoint {:port=>9600}
[2018-08-16T09:50:13,157][INFO ][logstash.pipeline        ] Starting pipeline {:pipeline_id=>"main", "pipeline.workers"=>1, "pipeline.batch.size"=>125, "pipeline.batch.delay"=>50}
[2018-08-16T09:50:13,417][INFO ][logstash.pipeline        ] Pipeline started successfully {:pipeline_id=>"main", :thread=>"#<Thread:0x2a9ac9af run>"}
[2018-08-16T09:50:13,494][INFO ][logstash.agent           ] Pipelines running {:count=>1, :pipelines=>["main"]}
[2018-08-16T09:50:14,898][INFO ][logstash.inputs.jdbc     ] (0.002086s) 
      SELECT * 
      FROM 2018_0814_url_collection 
      WHERE idx < 4  
      ORDER BY idx ASC
      LIMIT 10
[2018-08-16T09:50:15,700][INFO ][logstash.pipeline        ] Pipeline has terminated {:pipeline_id=>"main", :thread=>"#<Thread:0x2a9ac9af run>"}
[2018-08-16T09:51:11,747][INFO ][logstash.modules.scaffold] Initializing module {:module_name=>"netflow", :directory=>"/home/ktsec/elk/logstash-6.2.4/modules/netflow/configuration"}
[2018-08-16T09:51:11,765][INFO ][logstash.modules.scaffold] Initializing module {:module_name=>"fb_apache", :directory=>"/home/ktsec/elk/logstash-6.2.4/modules/fb_apache/configuration"}
[2018-08-16T09:51:12,210][WARN ][logstash.config.source.multilocal] Ignoring the 'pipelines.yml' file because modules or command line options are specified
[2018-08-16T09:51:12,840][INFO ][logstash.runner          ] Starting Logstash {"logstash.version"=>"6.2.4"}
[2018-08-16T09:51:13,294][INFO ][logstash.agent           ] Successfully started Logstash API endpoint {:port=>9600}
[2018-08-16T09:51:17,581][INFO ][logstash.pipeline        ] Starting pipeline {:pipeline_id=>"main", "pipeline.workers"=>4, "pipeline.batch.size"=>125, "pipeline.batch.delay"=>50}
[2018-08-16T09:51:18,035][INFO ][logstash.pipeline        ] Pipeline started successfully {:pipeline_id=>"main", :thread=>"#<Thread:0x41239929 run>"}
[2018-08-16T09:51:18,191][INFO ][logstash.agent           ] Pipelines running {:count=>1, :pipelines=>["main"]}
[2018-08-16T09:51:19,434][INFO ][logstash.inputs.jdbc     ] (0.001973s) 
      SELECT * 
      FROM 2018_0814_url_collection 
      WHERE idx < 5  
      ORDER BY idx ASC
      LIMIT 10
[2018-08-16T09:51:20,202][INFO ][logstash.pipeline        ] Pipeline has terminated {:pipeline_id=>"main", :thread=>"#<Thread:0x41239929 run>"}
[2018-08-16T09:52:18,610][INFO ][logstash.modules.scaffold] Initializing module {:module_name=>"netflow", :directory=>"/home/ktsec/elk/logstash-6.2.4/modules/netflow/configuration"}
[2018-08-16T09:52:18,631][INFO ][logstash.modules.scaffold] Initializing module {:module_name=>"fb_apache", :directory=>"/home/ktsec/elk/logstash-6.2.4/modules/fb_apache/configuration"}
[2018-08-16T09:52:19,239][WARN ][logstash.config.source.multilocal] Ignoring the 'pipelines.yml' file because modules or command line options are specified
[2018-08-16T09:52:19,862][INFO ][logstash.runner          ] Starting Logstash {"logstash.version"=>"6.2.4"}
[2018-08-16T09:52:20,374][INFO ][logstash.agent           ] Successfully started Logstash API endpoint {:port=>9600}
[2018-08-16T09:52:24,055][INFO ][logstash.pipeline        ] Starting pipeline {:pipeline_id=>"main", "pipeline.workers"=>1, "pipeline.batch.size"=>125, "pipeline.batch.delay"=>50}
[2018-08-16T09:52:24,490][INFO ][logstash.pipeline        ] Pipeline started successfully {:pipeline_id=>"main", :thread=>"#<Thread:0x59b5eb3b run>"}
[2018-08-16T09:52:24,599][INFO ][logstash.agent           ] Pipelines running {:count=>1, :pipelines=>["main"]}
[2018-08-16T09:52:26,157][INFO ][logstash.inputs.jdbc     ] (0.039585s) 
      SELECT * 
      FROM 2018_0814_url_collection 
      WHERE idx > 4  
      ORDER BY idx ASC
      LIMIT 10
[2018-08-16T09:52:27,020][INFO ][logstash.pipeline        ] Pipeline has terminated {:pipeline_id=>"main", :thread=>"#<Thread:0x59b5eb3b run>"}
[2018-08-16T10:01:05,733][INFO ][logstash.modules.scaffold] Initializing module {:module_name=>"netflow", :directory=>"/home/ktsec/elk/logstash-6.2.4/modules/netflow/configuration"}
[2018-08-16T10:01:05,752][INFO ][logstash.modules.scaffold] Initializing module {:module_name=>"fb_apache", :directory=>"/home/ktsec/elk/logstash-6.2.4/modules/fb_apache/configuration"}
[2018-08-16T10:01:06,186][WARN ][logstash.config.source.multilocal] Ignoring the 'pipelines.yml' file because modules or command line options are specified
[2018-08-16T10:01:06,994][INFO ][logstash.runner          ] Starting Logstash {"logstash.version"=>"6.2.4"}
[2018-08-16T10:01:07,305][INFO ][logstash.agent           ] Successfully started Logstash API endpoint {:port=>9600}
[2018-08-16T10:01:10,500][INFO ][logstash.pipeline        ] Starting pipeline {:pipeline_id=>"main", "pipeline.workers"=>4, "pipeline.batch.size"=>125, "pipeline.batch.delay"=>50}
[2018-08-16T10:01:11,247][INFO ][logstash.pipeline        ] Pipeline started successfully {:pipeline_id=>"main", :thread=>"#<Thread:0x3774fd3f run>"}
[2018-08-16T10:01:11,348][INFO ][logstash.agent           ] Pipelines running {:count=>1, :pipelines=>["main"]}
[2018-08-16T10:01:50,830][WARN ][logstash.runner          ] SIGINT received. Shutting down.
[2018-08-16T10:01:51,208][FATAL][logstash.runner          ] SIGINT received. Terminating immediately..
[2018-08-16T10:01:51,460][ERROR][org.logstash.Logstash    ] org.jruby.exceptions.ThreadKill
[2018-08-16T10:05:45,218][INFO ][logstash.modules.scaffold] Initializing module {:module_name=>"netflow", :directory=>"/home/ktsec/elk/logstash-6.2.4/modules/netflow/configuration"}
[2018-08-16T10:05:45,235][INFO ][logstash.modules.scaffold] Initializing module {:module_name=>"fb_apache", :directory=>"/home/ktsec/elk/logstash-6.2.4/modules/fb_apache/configuration"}
[2018-08-16T10:05:45,658][WARN ][logstash.config.source.multilocal] Ignoring the 'pipelines.yml' file because modules or command line options are specified
[2018-08-16T10:05:46,212][INFO ][logstash.runner          ] Starting Logstash {"logstash.version"=>"6.2.4"}
[2018-08-16T10:05:46,618][INFO ][logstash.agent           ] Successfully started Logstash API endpoint {:port=>9600}
[2018-08-16T10:05:49,916][INFO ][logstash.pipeline        ] Starting pipeline {:pipeline_id=>"main", "pipeline.workers"=>4, "pipeline.batch.size"=>125, "pipeline.batch.delay"=>50}
[2018-08-16T10:05:50,408][INFO ][logstash.pipeline        ] Pipeline started successfully {:pipeline_id=>"main", :thread=>"#<Thread:0x673748fe sleep>"}
[2018-08-16T10:05:50,506][INFO ][logstash.agent           ] Pipelines running {:count=>1, :pipelines=>["main"]}
[2018-08-16T10:06:14,240][WARN ][logstash.runner          ] SIGINT received. Shutting down.
[2018-08-16T10:06:14,432][FATAL][logstash.runner          ] SIGINT received. Terminating immediately..
[2018-08-16T10:06:14,626][ERROR][org.logstash.Logstash    ] org.jruby.exceptions.ThreadKill
[2018-08-16T10:06:49,224][INFO ][logstash.modules.scaffold] Initializing module {:module_name=>"netflow", :directory=>"/home/ktsec/elk/logstash-6.2.4/modules/netflow/configuration"}
[2018-08-16T10:06:49,243][INFO ][logstash.modules.scaffold] Initializing module {:module_name=>"fb_apache", :directory=>"/home/ktsec/elk/logstash-6.2.4/modules/fb_apache/configuration"}
[2018-08-16T10:06:49,679][WARN ][logstash.config.source.multilocal] Ignoring the 'pipelines.yml' file because modules or command line options are specified
[2018-08-16T10:06:50,450][INFO ][logstash.runner          ] Starting Logstash {"logstash.version"=>"6.2.4"}
[2018-08-16T10:06:50,845][INFO ][logstash.agent           ] Successfully started Logstash API endpoint {:port=>9600}
[2018-08-16T10:06:53,684][INFO ][logstash.pipeline        ] Starting pipeline {:pipeline_id=>"main", "pipeline.workers"=>4, "pipeline.batch.size"=>125, "pipeline.batch.delay"=>50}
[2018-08-16T10:06:54,091][INFO ][logstash.pipeline        ] Pipeline started successfully {:pipeline_id=>"main", :thread=>"#<Thread:0x64a7941a run>"}
[2018-08-16T10:06:54,177][INFO ][logstash.agent           ] Pipelines running {:count=>1, :pipelines=>["main"]}
[2018-08-16T10:06:59,647][WARN ][logstash.runner          ] SIGINT received. Shutting down.
[2018-08-16T10:06:59,785][FATAL][logstash.runner          ] SIGINT received. Terminating immediately..
[2018-08-16T10:06:59,870][ERROR][org.logstash.Logstash    ] org.jruby.exceptions.ThreadKill
[2018-08-16T10:08:15,431][INFO ][logstash.modules.scaffold] Initializing module {:module_name=>"netflow", :directory=>"/home/ktsec/elk/logstash-6.2.4/modules/netflow/configuration"}
[2018-08-16T10:08:15,448][INFO ][logstash.modules.scaffold] Initializing module {:module_name=>"fb_apache", :directory=>"/home/ktsec/elk/logstash-6.2.4/modules/fb_apache/configuration"}
[2018-08-16T10:08:16,001][WARN ][logstash.config.source.multilocal] Ignoring the 'pipelines.yml' file because modules or command line options are specified
[2018-08-16T10:08:16,584][INFO ][logstash.runner          ] Starting Logstash {"logstash.version"=>"6.2.4"}
[2018-08-16T10:08:16,997][INFO ][logstash.agent           ] Successfully started Logstash API endpoint {:port=>9600}
[2018-08-16T10:08:19,979][INFO ][logstash.pipeline        ] Starting pipeline {:pipeline_id=>"main", "pipeline.workers"=>4, "pipeline.batch.size"=>125, "pipeline.batch.delay"=>50}
[2018-08-16T10:08:20,588][INFO ][logstash.pipeline        ] Pipeline started successfully {:pipeline_id=>"main", :thread=>"#<Thread:0x4115e8c4 run>"}
[2018-08-16T10:08:20,682][INFO ][logstash.agent           ] Pipelines running {:count=>1, :pipelines=>["main"]}
[2018-08-16T10:08:27,899][WARN ][logstash.runner          ] SIGINT received. Shutting down.
[2018-08-16T10:08:27,900][WARN ][logstash.runner          ] SIGINT received. Shutting down.
[2018-08-16T10:08:28,690][INFO ][logstash.pipeline        ] Pipeline has terminated {:pipeline_id=>"main", :thread=>"#<Thread:0x4115e8c4 run>"}
[2018-08-16T10:14:41,674][INFO ][logstash.modules.scaffold] Initializing module {:module_name=>"netflow", :directory=>"/home/ktsec/elk/logstash-6.2.4/modules/netflow/configuration"}
[2018-08-16T10:14:41,691][INFO ][logstash.modules.scaffold] Initializing module {:module_name=>"fb_apache", :directory=>"/home/ktsec/elk/logstash-6.2.4/modules/fb_apache/configuration"}
[2018-08-16T10:14:42,256][WARN ][logstash.config.source.multilocal] Ignoring the 'pipelines.yml' file because modules or command line options are specified
[2018-08-16T10:14:42,842][INFO ][logstash.runner          ] Starting Logstash {"logstash.version"=>"6.2.4"}
[2018-08-16T10:14:43,288][INFO ][logstash.agent           ] Successfully started Logstash API endpoint {:port=>9600}
[2018-08-16T10:14:45,586][INFO ][logstash.pipeline        ] Starting pipeline {:pipeline_id=>"main", "pipeline.workers"=>4, "pipeline.batch.size"=>125, "pipeline.batch.delay"=>50}
[2018-08-16T10:14:46,038][INFO ][logstash.pipeline        ] Pipeline started successfully {:pipeline_id=>"main", :thread=>"#<Thread:0x1fc756f9 run>"}
[2018-08-16T10:14:46,109][INFO ][logstash.agent           ] Pipelines running {:count=>1, :pipelines=>["main"]}
[2018-08-16T10:14:47,320][INFO ][logstash.inputs.jdbc     ] (0.001701s) SELECT idx, src_ip, dst_ip  FROM 2018_0814_url_collection limit 10
[2018-08-16T10:14:47,765][INFO ][logstash.outputs.csv     ] Opening file {:path=>"/home/ktsec/elk/logstash-6.2.4/ex9.csv"}
[2018-08-16T10:14:47,963][INFO ][logstash.pipeline        ] Pipeline has terminated {:pipeline_id=>"main", :thread=>"#<Thread:0x1fc756f9 run>"}
[2018-08-16T10:17:51,344][INFO ][logstash.modules.scaffold] Initializing module {:module_name=>"netflow", :directory=>"/home/ktsec/elk/logstash-6.2.4/modules/netflow/configuration"}
[2018-08-16T10:17:51,362][INFO ][logstash.modules.scaffold] Initializing module {:module_name=>"fb_apache", :directory=>"/home/ktsec/elk/logstash-6.2.4/modules/fb_apache/configuration"}
[2018-08-16T10:17:51,930][WARN ][logstash.config.source.multilocal] Ignoring the 'pipelines.yml' file because modules or command line options are specified
[2018-08-16T10:17:52,556][INFO ][logstash.runner          ] Starting Logstash {"logstash.version"=>"6.2.4"}
[2018-08-16T10:17:52,918][INFO ][logstash.agent           ] Successfully started Logstash API endpoint {:port=>9600}
[2018-08-16T10:17:53,275][ERROR][logstash.agent           ] Failed to execute action {:action=>LogStash::PipelineAction::Create/pipeline_id:main, :exception=>"LogStash::ConfigurationError", :message=>"Expected one of #, {, } at line 9, column 7 (byte 277) after input {\n  elasticsearch {\n    hosts => [\"52.78.105.123:9200\"] \n    index => \"exam\"                             \n    query => '{                                  \n      \"query\" : {                                \n        \"match_all\" : {}                         \n      }\n    }'", :backtrace=>["/home/ktsec/elk/logstash-6.2.4/logstash-core/lib/logstash/compiler.rb:42:in `compile_imperative'", "/home/ktsec/elk/logstash-6.2.4/logstash-core/lib/logstash/compiler.rb:50:in `compile_graph'", "/home/ktsec/elk/logstash-6.2.4/logstash-core/lib/logstash/compiler.rb:12:in `block in compile_sources'", "org/jruby/RubyArray.java:2486:in `map'", "/home/ktsec/elk/logstash-6.2.4/logstash-core/lib/logstash/compiler.rb:11:in `compile_sources'", "/home/ktsec/elk/logstash-6.2.4/logstash-core/lib/logstash/pipeline.rb:51:in `initialize'", "/home/ktsec/elk/logstash-6.2.4/logstash-core/lib/logstash/pipeline.rb:169:in `initialize'", "/home/ktsec/elk/logstash-6.2.4/logstash-core/lib/logstash/pipeline_action/create.rb:40:in `execute'", "/home/ktsec/elk/logstash-6.2.4/logstash-core/lib/logstash/agent.rb:315:in `block in converge_state'", "/home/ktsec/elk/logstash-6.2.4/logstash-core/lib/logstash/agent.rb:141:in `with_pipelines'", "/home/ktsec/elk/logstash-6.2.4/logstash-core/lib/logstash/agent.rb:312:in `block in converge_state'", "org/jruby/RubyArray.java:1734:in `each'", "/home/ktsec/elk/logstash-6.2.4/logstash-core/lib/logstash/agent.rb:299:in `converge_state'", "/home/ktsec/elk/logstash-6.2.4/logstash-core/lib/logstash/agent.rb:166:in `block in converge_state_and_update'", "/home/ktsec/elk/logstash-6.2.4/logstash-core/lib/logstash/agent.rb:141:in `with_pipelines'", "/home/ktsec/elk/logstash-6.2.4/logstash-core/lib/logstash/agent.rb:164:in `converge_state_and_update'", "/home/ktsec/elk/logstash-6.2.4/logstash-core/lib/logstash/agent.rb:90:in `execute'", "/home/ktsec/elk/logstash-6.2.4/logstash-core/lib/logstash/runner.rb:348:in `block in execute'", "/home/ktsec/elk/logstash-6.2.4/vendor/bundle/jruby/2.3.0/gems/stud-0.0.23/lib/stud/task.rb:24:in `block in initialize'"]}
[2018-08-16T10:18:29,649][INFO ][logstash.modules.scaffold] Initializing module {:module_name=>"netflow", :directory=>"/home/ktsec/elk/logstash-6.2.4/modules/netflow/configuration"}
[2018-08-16T10:18:29,666][INFO ][logstash.modules.scaffold] Initializing module {:module_name=>"fb_apache", :directory=>"/home/ktsec/elk/logstash-6.2.4/modules/fb_apache/configuration"}
[2018-08-16T10:18:30,208][WARN ][logstash.config.source.multilocal] Ignoring the 'pipelines.yml' file because modules or command line options are specified
[2018-08-16T10:18:30,798][INFO ][logstash.runner          ] Starting Logstash {"logstash.version"=>"6.2.4"}
[2018-08-16T10:18:31,253][INFO ][logstash.agent           ] Successfully started Logstash API endpoint {:port=>9600}
[2018-08-16T10:18:34,599][INFO ][logstash.pipeline        ] Starting pipeline {:pipeline_id=>"main", "pipeline.workers"=>4, "pipeline.batch.size"=>125, "pipeline.batch.delay"=>50}
[2018-08-16T10:18:35,053][INFO ][logstash.pipeline        ] Pipeline started successfully {:pipeline_id=>"main", :thread=>"#<Thread:0xdb6a3f8 run>"}
[2018-08-16T10:18:35,149][INFO ][logstash.agent           ] Pipelines running {:count=>1, :pipelines=>["main"]}
[2018-08-16T10:18:48,131][WARN ][logstash.runner          ] SIGINT received. Shutting down.
[2018-08-16T10:18:48,343][FATAL][logstash.runner          ] SIGINT received. Terminating immediately..
[2018-08-16T10:18:48,485][ERROR][org.logstash.Logstash    ] org.jruby.exceptions.ThreadKill
[2018-08-16T10:19:54,642][INFO ][logstash.modules.scaffold] Initializing module {:module_name=>"netflow", :directory=>"/home/ktsec/elk/logstash-6.2.4/modules/netflow/configuration"}
[2018-08-16T10:19:54,658][INFO ][logstash.modules.scaffold] Initializing module {:module_name=>"fb_apache", :directory=>"/home/ktsec/elk/logstash-6.2.4/modules/fb_apache/configuration"}
[2018-08-16T10:19:55,177][WARN ][logstash.config.source.multilocal] Ignoring the 'pipelines.yml' file because modules or command line options are specified
[2018-08-16T10:19:55,826][INFO ][logstash.runner          ] Starting Logstash {"logstash.version"=>"6.2.4"}
[2018-08-16T10:19:56,236][INFO ][logstash.agent           ] Successfully started Logstash API endpoint {:port=>9600}
[2018-08-16T10:19:59,537][INFO ][logstash.pipeline        ] Starting pipeline {:pipeline_id=>"main", "pipeline.workers"=>4, "pipeline.batch.size"=>125, "pipeline.batch.delay"=>50}
[2018-08-16T10:20:00,166][INFO ][logstash.pipeline        ] Pipeline started successfully {:pipeline_id=>"main", :thread=>"#<Thread:0x4835f5ef run>"}
[2018-08-16T10:20:00,248][INFO ][logstash.agent           ] Pipelines running {:count=>1, :pipelines=>["main"]}
[2018-08-16T10:20:39,034][WARN ][logstash.runner          ] SIGINT received. Shutting down.
[2018-08-16T10:20:39,162][FATAL][logstash.runner          ] SIGINT received. Terminating immediately..
[2018-08-16T10:23:30,701][INFO ][logstash.modules.scaffold] Initializing module {:module_name=>"netflow", :directory=>"/home/ktsec/elk/logstash-6.2.4/modules/netflow/configuration"}
[2018-08-16T10:23:30,720][INFO ][logstash.modules.scaffold] Initializing module {:module_name=>"fb_apache", :directory=>"/home/ktsec/elk/logstash-6.2.4/modules/fb_apache/configuration"}
[2018-08-16T10:23:31,179][WARN ][logstash.config.source.multilocal] Ignoring the 'pipelines.yml' file because modules or command line options are specified
[2018-08-16T10:23:31,802][INFO ][logstash.runner          ] Starting Logstash {"logstash.version"=>"6.2.4"}
[2018-08-16T10:23:32,199][INFO ][logstash.agent           ] Successfully started Logstash API endpoint {:port=>9600}
[2018-08-16T10:23:34,238][ERROR][logstash.outputs.csv     ] Missing a required setting for the csv output plugin:

  output {
    csv {
      fields => # SETTING MISSING
      ...
    }
  }
[2018-08-16T10:23:34,255][ERROR][logstash.agent           ] Failed to execute action {:action=>LogStash::PipelineAction::Create/pipeline_id:main, :exception=>"LogStash::ConfigurationError", :message=>"Something is wrong with your configuration.", :backtrace=>["/home/ktsec/elk/logstash-6.2.4/logstash-core/lib/logstash/config/mixin.rb:89:in `config_init'", "/home/ktsec/elk/logstash-6.2.4/logstash-core/lib/logstash/outputs/base.rb:63:in `initialize'", "/home/ktsec/elk/logstash-6.2.4/logstash-core/lib/logstash/output_delegator_strategies/legacy.rb:7:in `block in initialize'", "org/jruby/RubyFixnum.java:299:in `times'", "org/jruby/RubyEnumerator.java:323:in `each'", "org/jruby/RubyEnumerable.java:830:in `map'", "/home/ktsec/elk/logstash-6.2.4/logstash-core/lib/logstash/output_delegator_strategies/legacy.rb:7:in `initialize'", "/home/ktsec/elk/logstash-6.2.4/logstash-core/lib/logstash/output_delegator.rb:24:in `initialize'", "/home/ktsec/elk/logstash-6.2.4/logstash-core/lib/logstash/plugins/plugin_factory.rb:85:in `plugin'", "/home/ktsec/elk/logstash-6.2.4/logstash-core/lib/logstash/pipeline.rb:112:in `plugin'", "(eval):12:in `<eval>'", "org/jruby/RubyKernel.java:994:in `eval'", "/home/ktsec/elk/logstash-6.2.4/logstash-core/lib/logstash/pipeline.rb:84:in `initialize'", "/home/ktsec/elk/logstash-6.2.4/logstash-core/lib/logstash/pipeline.rb:169:in `initialize'", "/home/ktsec/elk/logstash-6.2.4/logstash-core/lib/logstash/pipeline_action/create.rb:40:in `execute'", "/home/ktsec/elk/logstash-6.2.4/logstash-core/lib/logstash/agent.rb:315:in `block in converge_state'", "/home/ktsec/elk/logstash-6.2.4/logstash-core/lib/logstash/agent.rb:141:in `with_pipelines'", "/home/ktsec/elk/logstash-6.2.4/logstash-core/lib/logstash/agent.rb:312:in `block in converge_state'", "org/jruby/RubyArray.java:1734:in `each'", "/home/ktsec/elk/logstash-6.2.4/logstash-core/lib/logstash/agent.rb:299:in `converge_state'", "/home/ktsec/elk/logstash-6.2.4/logstash-core/lib/logstash/agent.rb:166:in `block in converge_state_and_update'", "/home/ktsec/elk/logstash-6.2.4/logstash-core/lib/logstash/agent.rb:141:in `with_pipelines'", "/home/ktsec/elk/logstash-6.2.4/logstash-core/lib/logstash/agent.rb:164:in `converge_state_and_update'", "/home/ktsec/elk/logstash-6.2.4/logstash-core/lib/logstash/agent.rb:90:in `execute'", "/home/ktsec/elk/logstash-6.2.4/logstash-core/lib/logstash/runner.rb:348:in `block in execute'", "/home/ktsec/elk/logstash-6.2.4/vendor/bundle/jruby/2.3.0/gems/stud-0.0.23/lib/stud/task.rb:24:in `block in initialize'"]}
[2018-08-16T10:24:44,709][INFO ][logstash.modules.scaffold] Initializing module {:module_name=>"netflow", :directory=>"/home/ktsec/elk/logstash-6.2.4/modules/netflow/configuration"}
[2018-08-16T10:24:44,727][INFO ][logstash.modules.scaffold] Initializing module {:module_name=>"fb_apache", :directory=>"/home/ktsec/elk/logstash-6.2.4/modules/fb_apache/configuration"}
[2018-08-16T10:24:45,174][WARN ][logstash.config.source.multilocal] Ignoring the 'pipelines.yml' file because modules or command line options are specified
[2018-08-16T10:24:45,854][INFO ][logstash.runner          ] Starting Logstash {"logstash.version"=>"6.2.4"}
[2018-08-16T10:24:46,333][INFO ][logstash.agent           ] Successfully started Logstash API endpoint {:port=>9600}
[2018-08-16T10:24:48,426][INFO ][logstash.pipeline        ] Starting pipeline {:pipeline_id=>"main", "pipeline.workers"=>4, "pipeline.batch.size"=>125, "pipeline.batch.delay"=>50}
[2018-08-16T10:24:49,053][INFO ][logstash.pipeline        ] Pipeline started successfully {:pipeline_id=>"main", :thread=>"#<Thread:0x2e0320d7 sleep>"}
[2018-08-16T10:24:49,141][INFO ][logstash.agent           ] Pipelines running {:count=>1, :pipelines=>["main"]}
[2018-08-16T10:24:49,789][ERROR][logstash.pipeline        ] A plugin had an unrecoverable error. Will restart this plugin.
  Pipeline_id:main
  Plugin: <LogStash::Inputs::Elasticsearch hosts=>["52.78.105.123:9200"], index=>"exam", query=>"{                                  \n      \"term\": {\n        \"date\": {\n          \"value\": \"2018-01-17\"\n        }\n      }\n    }", id=>"4753d0c73d609ce8596b02a9f50fbf3a19b18c737bac673687bf3c897f8e3df1", enable_metric=>true, codec=><LogStash::Codecs::JSON id=>"json_7887a597-0f78-4779-9798-858390d465ea", enable_metric=>true, charset=>"UTF-8">, size=>1000, scroll=>"1m", docinfo=>false, docinfo_target=>"@metadata", docinfo_fields=>["_index", "_type", "_id"], ssl=>false>
  Error: [400] {"error":{"root_cause":[{"type":"parsing_exception","reason":"Unknown key for a START_OBJECT in [term].","line":2,"col":15}],"type":"parsing_exception","reason":"Unknown key for a START_OBJECT in [term].","line":2,"col":15},"status":400}
  Exception: Elasticsearch::Transport::Transport::Errors::BadRequest
  Stack: /home/ktsec/elk/logstash-6.2.4/vendor/bundle/jruby/2.3.0/gems/elasticsearch-transport-5.0.4/lib/elasticsearch/transport/transport/base.rb:202:in `__raise_transport_error'
/home/ktsec/elk/logstash-6.2.4/vendor/bundle/jruby/2.3.0/gems/elasticsearch-transport-5.0.4/lib/elasticsearch/transport/transport/base.rb:319:in `perform_request'
/home/ktsec/elk/logstash-6.2.4/vendor/bundle/jruby/2.3.0/gems/elasticsearch-transport-5.0.4/lib/elasticsearch/transport/transport/http/faraday.rb:20:in `perform_request'
/home/ktsec/elk/logstash-6.2.4/vendor/bundle/jruby/2.3.0/gems/elasticsearch-transport-5.0.4/lib/elasticsearch/transport/client.rb:131:in `perform_request'
/home/ktsec/elk/logstash-6.2.4/vendor/bundle/jruby/2.3.0/gems/elasticsearch-api-5.0.4/lib/elasticsearch/api/actions/search.rb:183:in `search'
/home/ktsec/elk/logstash-6.2.4/vendor/bundle/jruby/2.3.0/gems/logstash-input-elasticsearch-4.2.1/lib/logstash/inputs/elasticsearch.rb:200:in `do_run'
/home/ktsec/elk/logstash-6.2.4/vendor/bundle/jruby/2.3.0/gems/logstash-input-elasticsearch-4.2.1/lib/logstash/inputs/elasticsearch.rb:188:in `run'
/home/ktsec/elk/logstash-6.2.4/logstash-core/lib/logstash/pipeline.rb:514:in `inputworker'
/home/ktsec/elk/logstash-6.2.4/logstash-core/lib/logstash/pipeline.rb:507:in `block in start_input'
[2018-08-16T10:24:50,929][ERROR][logstash.pipeline        ] A plugin had an unrecoverable error. Will restart this plugin.
  Pipeline_id:main
  Plugin: <LogStash::Inputs::Elasticsearch hosts=>["52.78.105.123:9200"], index=>"exam", query=>"{                                  \n      \"term\": {\n        \"date\": {\n          \"value\": \"2018-01-17\"\n        }\n      }\n    }", id=>"4753d0c73d609ce8596b02a9f50fbf3a19b18c737bac673687bf3c897f8e3df1", enable_metric=>true, codec=><LogStash::Codecs::JSON id=>"json_7887a597-0f78-4779-9798-858390d465ea", enable_metric=>true, charset=>"UTF-8">, size=>1000, scroll=>"1m", docinfo=>false, docinfo_target=>"@metadata", docinfo_fields=>["_index", "_type", "_id"], ssl=>false>
  Error: [400] {"error":{"root_cause":[{"type":"parsing_exception","reason":"Unknown key for a START_OBJECT in [term].","line":2,"col":15}],"type":"parsing_exception","reason":"Unknown key for a START_OBJECT in [term].","line":2,"col":15},"status":400}
  Exception: Elasticsearch::Transport::Transport::Errors::BadRequest
  Stack: /home/ktsec/elk/logstash-6.2.4/vendor/bundle/jruby/2.3.0/gems/elasticsearch-transport-5.0.4/lib/elasticsearch/transport/transport/base.rb:202:in `__raise_transport_error'
/home/ktsec/elk/logstash-6.2.4/vendor/bundle/jruby/2.3.0/gems/elasticsearch-transport-5.0.4/lib/elasticsearch/transport/transport/base.rb:319:in `perform_request'
/home/ktsec/elk/logstash-6.2.4/vendor/bundle/jruby/2.3.0/gems/elasticsearch-transport-5.0.4/lib/elasticsearch/transport/transport/http/faraday.rb:20:in `perform_request'
/home/ktsec/elk/logstash-6.2.4/vendor/bundle/jruby/2.3.0/gems/elasticsearch-transport-5.0.4/lib/elasticsearch/transport/client.rb:131:in `perform_request'
/home/ktsec/elk/logstash-6.2.4/vendor/bundle/jruby/2.3.0/gems/elasticsearch-api-5.0.4/lib/elasticsearch/api/actions/search.rb:183:in `search'
/home/ktsec/elk/logstash-6.2.4/vendor/bundle/jruby/2.3.0/gems/logstash-input-elasticsearch-4.2.1/lib/logstash/inputs/elasticsearch.rb:200:in `do_run'
/home/ktsec/elk/logstash-6.2.4/vendor/bundle/jruby/2.3.0/gems/logstash-input-elasticsearch-4.2.1/lib/logstash/inputs/elasticsearch.rb:188:in `run'
/home/ktsec/elk/logstash-6.2.4/logstash-core/lib/logstash/pipeline.rb:514:in `inputworker'
/home/ktsec/elk/logstash-6.2.4/logstash-core/lib/logstash/pipeline.rb:507:in `block in start_input'
[2018-08-16T10:24:51,964][ERROR][logstash.pipeline        ] A plugin had an unrecoverable error. Will restart this plugin.
  Pipeline_id:main
  Plugin: <LogStash::Inputs::Elasticsearch hosts=>["52.78.105.123:9200"], index=>"exam", query=>"{                                  \n      \"term\": {\n        \"date\": {\n          \"value\": \"2018-01-17\"\n        }\n      }\n    }", id=>"4753d0c73d609ce8596b02a9f50fbf3a19b18c737bac673687bf3c897f8e3df1", enable_metric=>true, codec=><LogStash::Codecs::JSON id=>"json_7887a597-0f78-4779-9798-858390d465ea", enable_metric=>true, charset=>"UTF-8">, size=>1000, scroll=>"1m", docinfo=>false, docinfo_target=>"@metadata", docinfo_fields=>["_index", "_type", "_id"], ssl=>false>
  Error: [400] {"error":{"root_cause":[{"type":"parsing_exception","reason":"Unknown key for a START_OBJECT in [term].","line":2,"col":15}],"type":"parsing_exception","reason":"Unknown key for a START_OBJECT in [term].","line":2,"col":15},"status":400}
  Exception: Elasticsearch::Transport::Transport::Errors::BadRequest
  Stack: /home/ktsec/elk/logstash-6.2.4/vendor/bundle/jruby/2.3.0/gems/elasticsearch-transport-5.0.4/lib/elasticsearch/transport/transport/base.rb:202:in `__raise_transport_error'
/home/ktsec/elk/logstash-6.2.4/vendor/bundle/jruby/2.3.0/gems/elasticsearch-transport-5.0.4/lib/elasticsearch/transport/transport/base.rb:319:in `perform_request'
/home/ktsec/elk/logstash-6.2.4/vendor/bundle/jruby/2.3.0/gems/elasticsearch-transport-5.0.4/lib/elasticsearch/transport/transport/http/faraday.rb:20:in `perform_request'
/home/ktsec/elk/logstash-6.2.4/vendor/bundle/jruby/2.3.0/gems/elasticsearch-transport-5.0.4/lib/elasticsearch/transport/client.rb:131:in `perform_request'
/home/ktsec/elk/logstash-6.2.4/vendor/bundle/jruby/2.3.0/gems/elasticsearch-api-5.0.4/lib/elasticsearch/api/actions/search.rb:183:in `search'
/home/ktsec/elk/logstash-6.2.4/vendor/bundle/jruby/2.3.0/gems/logstash-input-elasticsearch-4.2.1/lib/logstash/inputs/elasticsearch.rb:200:in `do_run'
/home/ktsec/elk/logstash-6.2.4/vendor/bundle/jruby/2.3.0/gems/logstash-input-elasticsearch-4.2.1/lib/logstash/inputs/elasticsearch.rb:188:in `run'
/home/ktsec/elk/logstash-6.2.4/logstash-core/lib/logstash/pipeline.rb:514:in `inputworker'
/home/ktsec/elk/logstash-6.2.4/logstash-core/lib/logstash/pipeline.rb:507:in `block in start_input'
[2018-08-16T10:24:52,998][ERROR][logstash.pipeline        ] A plugin had an unrecoverable error. Will restart this plugin.
  Pipeline_id:main
  Plugin: <LogStash::Inputs::Elasticsearch hosts=>["52.78.105.123:9200"], index=>"exam", query=>"{                                  \n      \"term\": {\n        \"date\": {\n          \"value\": \"2018-01-17\"\n        }\n      }\n    }", id=>"4753d0c73d609ce8596b02a9f50fbf3a19b18c737bac673687bf3c897f8e3df1", enable_metric=>true, codec=><LogStash::Codecs::JSON id=>"json_7887a597-0f78-4779-9798-858390d465ea", enable_metric=>true, charset=>"UTF-8">, size=>1000, scroll=>"1m", docinfo=>false, docinfo_target=>"@metadata", docinfo_fields=>["_index", "_type", "_id"], ssl=>false>
  Error: [400] {"error":{"root_cause":[{"type":"parsing_exception","reason":"Unknown key for a START_OBJECT in [term].","line":2,"col":15}],"type":"parsing_exception","reason":"Unknown key for a START_OBJECT in [term].","line":2,"col":15},"status":400}
  Exception: Elasticsearch::Transport::Transport::Errors::BadRequest
  Stack: /home/ktsec/elk/logstash-6.2.4/vendor/bundle/jruby/2.3.0/gems/elasticsearch-transport-5.0.4/lib/elasticsearch/transport/transport/base.rb:202:in `__raise_transport_error'
/home/ktsec/elk/logstash-6.2.4/vendor/bundle/jruby/2.3.0/gems/elasticsearch-transport-5.0.4/lib/elasticsearch/transport/transport/base.rb:319:in `perform_request'
/home/ktsec/elk/logstash-6.2.4/vendor/bundle/jruby/2.3.0/gems/elasticsearch-transport-5.0.4/lib/elasticsearch/transport/transport/http/faraday.rb:20:in `perform_request'
/home/ktsec/elk/logstash-6.2.4/vendor/bundle/jruby/2.3.0/gems/elasticsearch-transport-5.0.4/lib/elasticsearch/transport/client.rb:131:in `perform_request'
/home/ktsec/elk/logstash-6.2.4/vendor/bundle/jruby/2.3.0/gems/elasticsearch-api-5.0.4/lib/elasticsearch/api/actions/search.rb:183:in `search'
/home/ktsec/elk/logstash-6.2.4/vendor/bundle/jruby/2.3.0/gems/logstash-input-elasticsearch-4.2.1/lib/logstash/inputs/elasticsearch.rb:200:in `do_run'
/home/ktsec/elk/logstash-6.2.4/vendor/bundle/jruby/2.3.0/gems/logstash-input-elasticsearch-4.2.1/lib/logstash/inputs/elasticsearch.rb:188:in `run'
/home/ktsec/elk/logstash-6.2.4/logstash-core/lib/logstash/pipeline.rb:514:in `inputworker'
/home/ktsec/elk/logstash-6.2.4/logstash-core/lib/logstash/pipeline.rb:507:in `block in start_input'
[2018-08-16T10:24:54,033][ERROR][logstash.pipeline        ] A plugin had an unrecoverable error. Will restart this plugin.
  Pipeline_id:main
  Plugin: <LogStash::Inputs::Elasticsearch hosts=>["52.78.105.123:9200"], index=>"exam", query=>"{                                  \n      \"term\": {\n        \"date\": {\n          \"value\": \"2018-01-17\"\n        }\n      }\n    }", id=>"4753d0c73d609ce8596b02a9f50fbf3a19b18c737bac673687bf3c897f8e3df1", enable_metric=>true, codec=><LogStash::Codecs::JSON id=>"json_7887a597-0f78-4779-9798-858390d465ea", enable_metric=>true, charset=>"UTF-8">, size=>1000, scroll=>"1m", docinfo=>false, docinfo_target=>"@metadata", docinfo_fields=>["_index", "_type", "_id"], ssl=>false>
  Error: [400] {"error":{"root_cause":[{"type":"parsing_exception","reason":"Unknown key for a START_OBJECT in [term].","line":2,"col":15}],"type":"parsing_exception","reason":"Unknown key for a START_OBJECT in [term].","line":2,"col":15},"status":400}
  Exception: Elasticsearch::Transport::Transport::Errors::BadRequest
  Stack: /home/ktsec/elk/logstash-6.2.4/vendor/bundle/jruby/2.3.0/gems/elasticsearch-transport-5.0.4/lib/elasticsearch/transport/transport/base.rb:202:in `__raise_transport_error'
/home/ktsec/elk/logstash-6.2.4/vendor/bundle/jruby/2.3.0/gems/elasticsearch-transport-5.0.4/lib/elasticsearch/transport/transport/base.rb:319:in `perform_request'
/home/ktsec/elk/logstash-6.2.4/vendor/bundle/jruby/2.3.0/gems/elasticsearch-transport-5.0.4/lib/elasticsearch/transport/transport/http/faraday.rb:20:in `perform_request'
/home/ktsec/elk/logstash-6.2.4/vendor/bundle/jruby/2.3.0/gems/elasticsearch-transport-5.0.4/lib/elasticsearch/transport/client.rb:131:in `perform_request'
/home/ktsec/elk/logstash-6.2.4/vendor/bundle/jruby/2.3.0/gems/elasticsearch-api-5.0.4/lib/elasticsearch/api/actions/search.rb:183:in `search'
/home/ktsec/elk/logstash-6.2.4/vendor/bundle/jruby/2.3.0/gems/logstash-input-elasticsearch-4.2.1/lib/logstash/inputs/elasticsearch.rb:200:in `do_run'
/home/ktsec/elk/logstash-6.2.4/vendor/bundle/jruby/2.3.0/gems/logstash-input-elasticsearch-4.2.1/lib/logstash/inputs/elasticsearch.rb:188:in `run'
/home/ktsec/elk/logstash-6.2.4/logstash-core/lib/logstash/pipeline.rb:514:in `inputworker'
/home/ktsec/elk/logstash-6.2.4/logstash-core/lib/logstash/pipeline.rb:507:in `block in start_input'
[2018-08-16T10:24:55,068][ERROR][logstash.pipeline        ] A plugin had an unrecoverable error. Will restart this plugin.
  Pipeline_id:main
  Plugin: <LogStash::Inputs::Elasticsearch hosts=>["52.78.105.123:9200"], index=>"exam", query=>"{                                  \n      \"term\": {\n        \"date\": {\n          \"value\": \"2018-01-17\"\n        }\n      }\n    }", id=>"4753d0c73d609ce8596b02a9f50fbf3a19b18c737bac673687bf3c897f8e3df1", enable_metric=>true, codec=><LogStash::Codecs::JSON id=>"json_7887a597-0f78-4779-9798-858390d465ea", enable_metric=>true, charset=>"UTF-8">, size=>1000, scroll=>"1m", docinfo=>false, docinfo_target=>"@metadata", docinfo_fields=>["_index", "_type", "_id"], ssl=>false>
  Error: [400] {"error":{"root_cause":[{"type":"parsing_exception","reason":"Unknown key for a START_OBJECT in [term].","line":2,"col":15}],"type":"parsing_exception","reason":"Unknown key for a START_OBJECT in [term].","line":2,"col":15},"status":400}
  Exception: Elasticsearch::Transport::Transport::Errors::BadRequest
  Stack: /home/ktsec/elk/logstash-6.2.4/vendor/bundle/jruby/2.3.0/gems/elasticsearch-transport-5.0.4/lib/elasticsearch/transport/transport/base.rb:202:in `__raise_transport_error'
/home/ktsec/elk/logstash-6.2.4/vendor/bundle/jruby/2.3.0/gems/elasticsearch-transport-5.0.4/lib/elasticsearch/transport/transport/base.rb:319:in `perform_request'
/home/ktsec/elk/logstash-6.2.4/vendor/bundle/jruby/2.3.0/gems/elasticsearch-transport-5.0.4/lib/elasticsearch/transport/transport/http/faraday.rb:20:in `perform_request'
/home/ktsec/elk/logstash-6.2.4/vendor/bundle/jruby/2.3.0/gems/elasticsearch-transport-5.0.4/lib/elasticsearch/transport/client.rb:131:in `perform_request'
/home/ktsec/elk/logstash-6.2.4/vendor/bundle/jruby/2.3.0/gems/elasticsearch-api-5.0.4/lib/elasticsearch/api/actions/search.rb:183:in `search'
/home/ktsec/elk/logstash-6.2.4/vendor/bundle/jruby/2.3.0/gems/logstash-input-elasticsearch-4.2.1/lib/logstash/inputs/elasticsearch.rb:200:in `do_run'
/home/ktsec/elk/logstash-6.2.4/vendor/bundle/jruby/2.3.0/gems/logstash-input-elasticsearch-4.2.1/lib/logstash/inputs/elasticsearch.rb:188:in `run'
/home/ktsec/elk/logstash-6.2.4/logstash-core/lib/logstash/pipeline.rb:514:in `inputworker'
/home/ktsec/elk/logstash-6.2.4/logstash-core/lib/logstash/pipeline.rb:507:in `block in start_input'
[2018-08-16T10:24:55,898][WARN ][logstash.runner          ] SIGINT received. Shutting down.
[2018-08-16T10:24:56,095][FATAL][logstash.runner          ] SIGINT received. Terminating immediately..
[2018-08-16T10:24:56,250][INFO ][logstash.pipeline        ] Pipeline has terminated {:pipeline_id=>"main", :thread=>"#<Thread:0x2e0320d7 run>"}
[2018-08-16T10:24:56,284][ERROR][org.logstash.Logstash    ] org.jruby.exceptions.ThreadKill
[2018-08-16T10:26:38,042][INFO ][logstash.modules.scaffold] Initializing module {:module_name=>"netflow", :directory=>"/home/ktsec/elk/logstash-6.2.4/modules/netflow/configuration"}
[2018-08-16T10:26:38,059][INFO ][logstash.modules.scaffold] Initializing module {:module_name=>"fb_apache", :directory=>"/home/ktsec/elk/logstash-6.2.4/modules/fb_apache/configuration"}
[2018-08-16T10:26:38,626][WARN ][logstash.config.source.multilocal] Ignoring the 'pipelines.yml' file because modules or command line options are specified
[2018-08-16T10:26:39,217][INFO ][logstash.runner          ] Starting Logstash {"logstash.version"=>"6.2.4"}
[2018-08-16T10:26:39,818][INFO ][logstash.agent           ] Successfully started Logstash API endpoint {:port=>9600}
[2018-08-16T10:26:41,851][INFO ][logstash.pipeline        ] Starting pipeline {:pipeline_id=>"main", "pipeline.workers"=>4, "pipeline.batch.size"=>125, "pipeline.batch.delay"=>50}
[2018-08-16T10:26:42,348][INFO ][logstash.pipeline        ] Pipeline started successfully {:pipeline_id=>"main", :thread=>"#<Thread:0x69304f8a run>"}
[2018-08-16T10:26:42,469][INFO ][logstash.agent           ] Pipelines running {:count=>1, :pipelines=>["main"]}
[2018-08-16T10:26:43,679][INFO ][logstash.outputs.csv     ] Opening file {:path=>"/home/ktsec/elk/logstash-6.2.4/ex10.csv"}
[2018-08-16T10:26:43,897][INFO ][logstash.pipeline        ] Pipeline has terminated {:pipeline_id=>"main", :thread=>"#<Thread:0x69304f8a run>"}
[2018-08-16T10:28:50,072][INFO ][logstash.modules.scaffold] Initializing module {:module_name=>"netflow", :directory=>"/home/ktsec/elk/logstash-6.2.4/modules/netflow/configuration"}
[2018-08-16T10:28:50,090][INFO ][logstash.modules.scaffold] Initializing module {:module_name=>"fb_apache", :directory=>"/home/ktsec/elk/logstash-6.2.4/modules/fb_apache/configuration"}
[2018-08-16T10:28:50,530][WARN ][logstash.config.source.multilocal] Ignoring the 'pipelines.yml' file because modules or command line options are specified
[2018-08-16T10:28:51,307][INFO ][logstash.runner          ] Starting Logstash {"logstash.version"=>"6.2.4"}
[2018-08-16T10:28:51,855][INFO ][logstash.agent           ] Successfully started Logstash API endpoint {:port=>9600}
[2018-08-16T10:28:54,011][INFO ][logstash.pipeline        ] Starting pipeline {:pipeline_id=>"main", "pipeline.workers"=>4, "pipeline.batch.size"=>125, "pipeline.batch.delay"=>50}
[2018-08-16T10:28:54,453][INFO ][logstash.pipeline        ] Pipeline started successfully {:pipeline_id=>"main", :thread=>"#<Thread:0x15c20197 run>"}
[2018-08-16T10:28:54,526][INFO ][logstash.agent           ] Pipelines running {:count=>1, :pipelines=>["main"]}
[2018-08-16T10:28:55,797][INFO ][logstash.outputs.csv     ] Opening file {:path=>"/home/ktsec/elk/logstash-6.2.4/ex10.csv"}
[2018-08-16T10:28:56,079][INFO ][logstash.pipeline        ] Pipeline has terminated {:pipeline_id=>"main", :thread=>"#<Thread:0x15c20197 run>"}
[2018-08-16T10:36:46,228][INFO ][logstash.modules.scaffold] Initializing module {:module_name=>"netflow", :directory=>"/home/ktsec/elk/logstash-6.2.4/modules/netflow/configuration"}
[2018-08-16T10:36:46,245][INFO ][logstash.modules.scaffold] Initializing module {:module_name=>"fb_apache", :directory=>"/home/ktsec/elk/logstash-6.2.4/modules/fb_apache/configuration"}
[2018-08-16T10:36:46,760][WARN ][logstash.config.source.multilocal] Ignoring the 'pipelines.yml' file because modules or command line options are specified
[2018-08-16T10:36:47,342][INFO ][logstash.runner          ] Starting Logstash {"logstash.version"=>"6.2.4"}
[2018-08-16T10:36:47,751][INFO ][logstash.agent           ] Successfully started Logstash API endpoint {:port=>9600}
[2018-08-16T10:36:50,102][INFO ][logstash.pipeline        ] Starting pipeline {:pipeline_id=>"main", "pipeline.workers"=>4, "pipeline.batch.size"=>125, "pipeline.batch.delay"=>50}
[2018-08-16T10:36:50,803][INFO ][logstash.pipeline        ] Pipeline started successfully {:pipeline_id=>"main", :thread=>"#<Thread:0x6c3adf62 run>"}
[2018-08-16T10:36:50,895][INFO ][logstash.agent           ] Pipelines running {:count=>1, :pipelines=>["main"]}
[2018-08-16T10:36:52,269][INFO ][logstash.outputs.csv     ] Opening file {:path=>"/home/ktsec/elk/logstash-6.2.4/ex10.csv"}
[2018-08-16T10:36:52,586][INFO ][logstash.pipeline        ] Pipeline has terminated {:pipeline_id=>"main", :thread=>"#<Thread:0x6c3adf62 run>"}
